


ARM Macro Assembler    Page 1 


    1 00000000         ;-------------------------------------------------------
                       ---------------------
    2 00000000         ; MCT-Praktikumsversuch V1.1 Nucleo
    3 00000000         ; mit Lauflicht/Warteschleife in Assembler
    4 00000000         ; 
    5 00000000         ; 06/2020
    6 00000000         ; ------------------------------------------------------
                       ----------------------*/
    7 00000000         
    8 00000000 40023800 
                       RCC     EQU              0x40023800  ; Adresse des Clock
                                                             Control Registers
    9 00000000 00000030 
                       AHB1ENR EQU              0x30        ;   Offset AHB1 Per
                                                            ipheral Clock Enabl
                                                            e Register
   10 00000000 00000002 
                       IOPBEN  EQU              0x02        ;   I/O Port C Cloc
                                                            k Enable
   11 00000000 00000004 
                       IOPCEN  EQU              0x04        ; I/O Port B Clock 
                                                            Enable
   12 00000000         
   13 00000000 40020400 
                       GPIOB   EQU              0x40020400  ; Adresse des GPIO-
                                                            Ports B
   14 00000000 40020800 
                       GPIOC   EQU              0x40020800  ; Adresse des GPIO-
                                                            Ports C
   15 00000000 00000000 
                       MODER   EQU              0x00        ;  Offset Modus
   16 00000000 00000014 
                       ODR     EQU              0x14        ; Offset Output Dat
                                                            a Register
   17 00000000 00000010 
                       IDR     EQU              0x10        ; Offset Input Data
                                                             Register
   18 00000000         
   19 00000000 00005555 
                       LEDEN   EQU              0x5555      ;  Output Mode Push
                                                            /Pull max speed 50 
                                                            MHz
   20 00000000 00000000 
                       SWITCHEN
                               EQU              0x0000      ; Floating Input
   21 00000000         
   22 00000000                 THUMB
   23 00000000                 AREA             myCode, CODE
   24 00000000                 EXPORT           Start
   25 00000000         Start   PROC
   26 00000000         
   27 00000000 4B1E            ldr              r3, = RCC   ; I/O-Clock initial
                                                            isieren
   28 00000002 F04F 0006       mov              r0,#IOPCEN+IOPBEN
   29 00000006 6318            str              r0,[r3,#AHB1ENR]
   30 00000008         
   31 00000008 4B1D            ldr              r3, = GPIOB ; GPIO Output initi
                                                            alisieren Port B 8.
                                                            ..15



ARM Macro Assembler    Page 2 


   32 0000000A F245 5055       ldr              r0, = LEDEN
   33 0000000E 6018            str              r0,[r3,#MODER]
   34 00000010         
   35 00000010 4C1C            ldr              r4, = GPIOC ; GPIO Input initia
                                                            lisieren Port C 0..
                                                            .7
   36 00000012 F04F 0000       ldr              r0, = SWITCHEN
   37 00000016 6020            str              r0, [r4, #MODER] ;Control Regis
                                                            ter of GPIOC = Floa
                                                            ting Input
   38 00000018         ; ...
   39 00000018         
   40 00000018         init_lauf
   41 00000018 4D1B            ldr              r5, = WZ    ; 1. Wartezeit
   42 0000001A F04F 0001       mov              r0,#0x01    ; Startwert
   43 0000001E 6158            str              r0,[r3,#ODR] ;Wert an ODR schre
                                                            iben
   44 00000020         
   45 00000020         loop
   46 00000020         ;Taster zuerst einlesen, ausmaskieren, da Pegel HIGH sin
                       d, mit XOR umdrehen
   47 00000020 6927            ldr              r7, [r4, #IDR]
   48 00000022 F64F 78FF       mov              r8, #0xFFFF
   49 00000026 EA87 0708       eor              r7, r7, r8
   50 0000002A 463E            mov              r6, r7
   51 0000002C         
   52 0000002C         ;LED ansteuern
   53 0000002C 6158            str              r0,[r3,#ODR] ;Wert an ODR schre
                                                            iben
   54 0000002E         
   55 0000002E         
   56 0000002E F016 0601       ands             r6, #0x1    ;Taster, der die Ri
                                                            chtung umkehrt?
   57 00000032         
   58 00000032         
   59 00000032         
   60 00000032         ;r0,[r3,#ODR];Wert an ODR schreiben
   61 00000032         
   62 00000032         ;Abfrage, ob T0 gedrueckt ist
   63 00000032         ;T0 = 0, lsr logic shift right
   64 00000032         ;else lsl logic shift left
   65 00000032 D106            bne              goleft
   66 00000034         
   67 00000034         goright
   68 00000034 2801            cmp              r0, #0x01
   69 00000036 D101            bne              cont        ; Falls D1 leuchtet
                                                             und lsr, starte be
                                                            i D7
   70 00000038 F44F 7080       mov              r0, #0x100
   71 0000003C         
   72 0000003C         cont
   73 0000003C EA4F 0050       lsr              r0, #0x01   ;Bitverschiebung na
                                                            ch rechts
   74 00000040         ;str r0,[r3,#ODR];Wert an ODR schreiben
   75 00000040 E002            b                mwait
   76 00000042         goleft
   77 00000042 EA4F 0040       lsl              r0, #0x01   ;Biterschiebung nac
                                                            h links
   78 00000046         ;str r0,[r3,#ODR];Wert an ODR schreiben



ARM Macro Assembler    Page 3 


   79 00000046 E7FF            b                mwait
   80 00000048         
   81 00000048         mwait                                ;Bestimmtung der Wa
                                                            rtedauer
   82 00000048 463E            mov              r6, r7
   83 0000004A F006 0606       and              r6, #0x6    ;nur die Taster 1-2
                                                             werden angeguckt
   84 0000004E EA4F 0646       lsl              r6, #0x1    ;die Zahl wird auf 
                                                            *4 angepasst, Taste
                                                            r 0 wird nicht ange
                                                            guckt
   85 00000052         ;daher nur mal 2. Die Wartezeit wird als Double gespeich
                       ert, 4 Byte
   86 00000052         
   87 00000052         ; ...
   88 00000052 59A9            ldr              r1,[r5, r6] ; Wartewert holen
   89 00000054 F000 F803       bl               wait
   90 00000058 2880            cmp              r0,#0x080   ; Ende erreicht?
   91 0000005A DCDD            bgt              init_lauf   ; ja  von vorn
   92 0000005C E7E0            b                loop        ; nein weiter
   93 0000005E         
   94 0000005E         ;--------------------------------------
   95 0000005E B502    wait    push             {r1,lr}
   96 00000060 3901    l_wait  subs             r1,#1
   97 00000062 D1FD            bne              l_wait
   98 00000064 E8BD 4002       pop              {r1,lr}
   99 00000068 4770            bx               lr
  100 0000006A         ;*******************************************************
                       *****
  101 0000006A         ; Wartezeiten
  102 0000006A 00 00 000C0000 
              00060000 
              00030000 
              00018000 WZ      DCD              0xC0000,0x60000,0x30000,0x18000
  103 0000007C         
  104 0000007C                 ENDP
  105 0000007C                 END
              40023800 
              40020400 
              40020800 
              00000000 
Command Line: --debug --xref --diag_suppress=9931 --cpu=Cortex-M4.fp.sp --apcs=
interwork --depend=.\obj\main.d -o.\obj\main.o -I.\RTE\_V1.1_Lauflicht -IC:\Use
rs\Christian\AppData\Local\Arm\Packs\Keil\STM32F4xx_DFP\2.14.0\Drivers\CMSIS\De
vice\ST\STM32F4xx\Include -IC:\Keil_v5\ARM\CMSIS\Include --predefine="__EVAL SE
TA 1" --predefine="__UVISION_VERSION SETA 529" --predefine="STM32F446xx SETA 1"
 --list=.\lst\main.lst main.s



ARM Macro Assembler    Page 1 Alphabetic symbol ordering
Relocatable symbols

Start 00000000

Symbol: Start
   Definitions
      At line 25 in file main.s
   Uses
      At line 24 in file main.s
Comment: Start used once
WZ 0000006C

Symbol: WZ
   Definitions
      At line 102 in file main.s
   Uses
      At line 41 in file main.s
Comment: WZ used once
cont 0000003C

Symbol: cont
   Definitions
      At line 72 in file main.s
   Uses
      At line 69 in file main.s
Comment: cont used once
goleft 00000042

Symbol: goleft
   Definitions
      At line 76 in file main.s
   Uses
      At line 65 in file main.s
Comment: goleft used once
goright 00000034

Symbol: goright
   Definitions
      At line 67 in file main.s
   Uses
      None
Comment: goright unused
init_lauf 00000018

Symbol: init_lauf
   Definitions
      At line 40 in file main.s
   Uses
      At line 91 in file main.s
Comment: init_lauf used once
l_wait 00000060

Symbol: l_wait
   Definitions
      At line 96 in file main.s
   Uses
      At line 97 in file main.s
Comment: l_wait used once
loop 00000020

Symbol: loop



ARM Macro Assembler    Page 2 Alphabetic symbol ordering
Relocatable symbols

   Definitions
      At line 45 in file main.s
   Uses
      At line 92 in file main.s
Comment: loop used once
mwait 00000048

Symbol: mwait
   Definitions
      At line 81 in file main.s
   Uses
      At line 75 in file main.s
      At line 79 in file main.s

myCode 00000000

Symbol: myCode
   Definitions
      At line 23 in file main.s
   Uses
      None
Comment: myCode unused
wait 0000005E

Symbol: wait
   Definitions
      At line 95 in file main.s
   Uses
      At line 89 in file main.s
Comment: wait used once
11 symbols



ARM Macro Assembler    Page 1 Alphabetic symbol ordering
Absolute symbols

AHB1ENR 00000030

Symbol: AHB1ENR
   Definitions
      At line 9 in file main.s
   Uses
      At line 29 in file main.s
Comment: AHB1ENR used once
GPIOB 40020400

Symbol: GPIOB
   Definitions
      At line 13 in file main.s
   Uses
      At line 31 in file main.s
Comment: GPIOB used once
GPIOC 40020800

Symbol: GPIOC
   Definitions
      At line 14 in file main.s
   Uses
      At line 35 in file main.s
Comment: GPIOC used once
IDR 00000010

Symbol: IDR
   Definitions
      At line 17 in file main.s
   Uses
      At line 47 in file main.s
Comment: IDR used once
IOPBEN 00000002

Symbol: IOPBEN
   Definitions
      At line 10 in file main.s
   Uses
      At line 28 in file main.s
Comment: IOPBEN used once
IOPCEN 00000004

Symbol: IOPCEN
   Definitions
      At line 11 in file main.s
   Uses
      At line 28 in file main.s
Comment: IOPCEN used once
LEDEN 00005555

Symbol: LEDEN
   Definitions
      At line 19 in file main.s
   Uses
      At line 32 in file main.s
Comment: LEDEN used once
MODER 00000000

Symbol: MODER



ARM Macro Assembler    Page 2 Alphabetic symbol ordering
Absolute symbols

   Definitions
      At line 15 in file main.s
   Uses
      At line 33 in file main.s
      At line 37 in file main.s

ODR 00000014

Symbol: ODR
   Definitions
      At line 16 in file main.s
   Uses
      At line 43 in file main.s
      At line 53 in file main.s

RCC 40023800

Symbol: RCC
   Definitions
      At line 8 in file main.s
   Uses
      At line 27 in file main.s
Comment: RCC used once
SWITCHEN 00000000

Symbol: SWITCHEN
   Definitions
      At line 20 in file main.s
   Uses
      At line 36 in file main.s
Comment: SWITCHEN used once
11 symbols
358 symbols in table
